<?xml version="1.0" encoding="UTF-8"?>
<!-- Generated by org.testng.reporters.JUnitXMLReporter -->
<testsuite hostname="DESKTOP-3T7M21P" ignored="0" name="Default test" tests="4" failures="2" timestamp="2021-10-18T14:23:53 IST" time="182.176" errors="0">
  <testcase name="CheckOut_Flow" time="25.376" classname="Tests.Tests"/>
  <testcase name="Verify_SummerDresses_Sorting" time="60.728" classname="Tests.Tests">
    <failure type="java.lang.AssertionError" message="The following asserts failed:
	Filter Not Applied Successfully for LNK_SummerDresses_PriceRange ,
	Filter Not Applied Successfully for LNK_SummerDresses_PriceRange ,
	Filter Not Applied Successfully for LNK_SummerDresses_PriceRange ,
	Filter Not Applied Successfully for LNK_SummerDresses_PriceRange ,
	Filter Not Applied Successfully for LNK_SummerDresses_PriceRange ,
	Filter Not Applied Successfully for LNK_SummerDresses_PriceRange ,
	Filter Not Applied Successfully for LNK_SummerDresses_PriceRange ">
      <![CDATA[java.lang.AssertionError: The following asserts failed:
Filter Not Applied Successfully for LNK_SummerDresses_PriceRange ,
Filter Not Applied Successfully for LNK_SummerDresses_PriceRange ,
Filter Not Applied Successfully for LNK_SummerDresses_PriceRange ,
Filter Not Applied Successfully for LNK_SummerDresses_PriceRange ,
Filter Not Applied Successfully for LNK_SummerDresses_PriceRange ,
Filter Not Applied Successfully for LNK_SummerDresses_PriceRange ,
Filter Not Applied Successfully for LNK_SummerDresses_PriceRange 
at org.testng.asserts.SoftAssert.assertAll(SoftAssert.java:47)
at org.testng.asserts.SoftAssert.assertAll(SoftAssert.java:31)
at Tests.Tests.Verify_SummerDresses_Sorting(Tests.java:85)
at sun.reflect.NativeMethodAccessorImpl.invoke0(Native Method)
at sun.reflect.NativeMethodAccessorImpl.invoke(Unknown Source)
at sun.reflect.DelegatingMethodAccessorImpl.invoke(Unknown Source)
at java.lang.reflect.Method.invoke(Unknown Source)
at org.testng.internal.MethodInvocationHelper.invokeMethod(MethodInvocationHelper.java:133)
at org.testng.internal.TestInvoker.invokeMethod(TestInvoker.java:584)
at org.testng.internal.TestInvoker.invokeTestMethod(TestInvoker.java:172)
at org.testng.internal.MethodRunner.runInSequence(MethodRunner.java:46)
at org.testng.internal.TestInvoker$MethodInvocationAgent.invoke(TestInvoker.java:804)
at org.testng.internal.TestInvoker.invokeTestMethods(TestInvoker.java:145)
at org.testng.internal.TestMethodWorker.invokeTestMethods(TestMethodWorker.java:146)
at org.testng.internal.TestMethodWorker.run(TestMethodWorker.java:128)
at java.util.ArrayList.forEach(Unknown Source)
at org.testng.TestRunner.privateRun(TestRunner.java:770)
at org.testng.TestRunner.run(TestRunner.java:591)
at org.testng.SuiteRunner.runTest(SuiteRunner.java:402)
at org.testng.SuiteRunner.runSequentially(SuiteRunner.java:396)
at org.testng.SuiteRunner.privateRun(SuiteRunner.java:355)
at org.testng.SuiteRunner.run(SuiteRunner.java:304)
at org.testng.SuiteRunnerWorker.runSuite(SuiteRunnerWorker.java:53)
at org.testng.SuiteRunnerWorker.run(SuiteRunnerWorker.java:96)
at org.testng.TestNG.runSuitesSequentially(TestNG.java:1180)
at org.testng.TestNG.runSuitesLocally(TestNG.java:1102)
at org.testng.TestNG.runSuites(TestNG.java:1032)
at org.testng.TestNG.run(TestNG.java:1000)
at org.testng.remote.AbstractRemoteTestNG.run(AbstractRemoteTestNG.java:115)
at org.testng.remote.RemoteTestNG.initAndRun(RemoteTestNG.java:251)
at org.testng.remote.RemoteTestNG.main(RemoteTestNG.java:77)
]]>
    </failure>
  </testcase> <!-- Verify_SummerDresses_Sorting -->
  <testcase name="Verify_SummerDresses_filters" time="76.888" classname="Tests.Tests">
    <failure type="java.lang.AssertionError" message="The following asserts failed:
	Filter Not Applied Successfully for LIST_SummerDresses_Size - S (3),
	Filter Not Applied Successfully for LIST_SummerDresses_Size - M (3),
	Filter Not Applied Successfully for LIST_SummerDresses_Size - L (3),
	Filter Not Applied Successfully for LIST_SummerDresses_Colors - White (1),
	Filter Not Applied Successfully for LIST_SummerDresses_Colors - Black (1),
	Filter Not Applied Successfully for LIST_SummerDresses_Colors - Orange (1),
	Filter Not Applied Successfully for LIST_SummerDresses_Colors - Blue (1),
	Filter Not Applied Successfully for LIST_SummerDresses_Colors - Green (1),
	Filter Not Applied Successfully for LIST_SummerDresses_Colors - Yellow (3),
	Filter Not Applied Successfully for LIST_SummerDresses_Styles - Casual (1),
	Filter Not Applied Successfully for LIST_SummerDresses_Styles - Girly (2),
	Filter Not Applied Successfully for LIST_SummerDresses_Composition - Polyester (2),
	Filter Not Applied Successfully for LIST_SummerDresses_Composition - Viscose (1),
	Filter Not Applied Successfully for LIST_SummerDresses_Properties - Maxi Dress (1),
	Filter Not Applied Successfully for LIST_SummerDresses_Properties - Midi Dress (1),
	Filter Not Applied Successfully for LIST_SummerDresses_Properties - Short Dress (1),
	Filter Not Applied Successfully for LIST_SummerDresses_Availability - In stock (3),
	Filter Not Applied Successfully for LIST_SummerDresses_Condition - New (3),
	Filter Not Applied Successfully for LIST_SummerDresses_Manufacturer - Fashion Manufacturer (3),
	Filter Not Applied Successfully for LNK_SummerDresses_PriceRange ">
      <![CDATA[java.lang.AssertionError: The following asserts failed:
Filter Not Applied Successfully for LIST_SummerDresses_Size - S (3),
Filter Not Applied Successfully for LIST_SummerDresses_Size - M (3),
Filter Not Applied Successfully for LIST_SummerDresses_Size - L (3),
Filter Not Applied Successfully for LIST_SummerDresses_Colors - White (1),
Filter Not Applied Successfully for LIST_SummerDresses_Colors - Black (1),
Filter Not Applied Successfully for LIST_SummerDresses_Colors - Orange (1),
Filter Not Applied Successfully for LIST_SummerDresses_Colors - Blue (1),
Filter Not Applied Successfully for LIST_SummerDresses_Colors - Green (1),
Filter Not Applied Successfully for LIST_SummerDresses_Colors - Yellow (3),
Filter Not Applied Successfully for LIST_SummerDresses_Styles - Casual (1),
Filter Not Applied Successfully for LIST_SummerDresses_Styles - Girly (2),
Filter Not Applied Successfully for LIST_SummerDresses_Composition - Polyester (2),
Filter Not Applied Successfully for LIST_SummerDresses_Composition - Viscose (1),
Filter Not Applied Successfully for LIST_SummerDresses_Properties - Maxi Dress (1),
Filter Not Applied Successfully for LIST_SummerDresses_Properties - Midi Dress (1),
Filter Not Applied Successfully for LIST_SummerDresses_Properties - Short Dress (1),
Filter Not Applied Successfully for LIST_SummerDresses_Availability - In stock (3),
Filter Not Applied Successfully for LIST_SummerDresses_Condition - New (3),
Filter Not Applied Successfully for LIST_SummerDresses_Manufacturer - Fashion Manufacturer (3),
Filter Not Applied Successfully for LNK_SummerDresses_PriceRange 
at org.testng.asserts.SoftAssert.assertAll(SoftAssert.java:47)
at org.testng.asserts.SoftAssert.assertAll(SoftAssert.java:31)
at Tests.Tests.Verify_SummerDresses_filters(Tests.java:62)
at sun.reflect.NativeMethodAccessorImpl.invoke0(Native Method)
at sun.reflect.NativeMethodAccessorImpl.invoke(Unknown Source)
at sun.reflect.DelegatingMethodAccessorImpl.invoke(Unknown Source)
at java.lang.reflect.Method.invoke(Unknown Source)
at org.testng.internal.MethodInvocationHelper.invokeMethod(MethodInvocationHelper.java:133)
at org.testng.internal.TestInvoker.invokeMethod(TestInvoker.java:584)
at org.testng.internal.TestInvoker.invokeTestMethod(TestInvoker.java:172)
at org.testng.internal.MethodRunner.runInSequence(MethodRunner.java:46)
at org.testng.internal.TestInvoker$MethodInvocationAgent.invoke(TestInvoker.java:804)
at org.testng.internal.TestInvoker.invokeTestMethods(TestInvoker.java:145)
at org.testng.internal.TestMethodWorker.invokeTestMethods(TestMethodWorker.java:146)
at org.testng.internal.TestMethodWorker.run(TestMethodWorker.java:128)
at java.util.ArrayList.forEach(Unknown Source)
at org.testng.TestRunner.privateRun(TestRunner.java:770)
at org.testng.TestRunner.run(TestRunner.java:591)
at org.testng.SuiteRunner.runTest(SuiteRunner.java:402)
at org.testng.SuiteRunner.runSequentially(SuiteRunner.java:396)
at org.testng.SuiteRunner.privateRun(SuiteRunner.java:355)
at org.testng.SuiteRunner.run(SuiteRunner.java:304)
at org.testng.SuiteRunnerWorker.runSuite(SuiteRunnerWorker.java:53)
at org.testng.SuiteRunnerWorker.run(SuiteRunnerWorker.java:96)
at org.testng.TestNG.runSuitesSequentially(TestNG.java:1180)
at org.testng.TestNG.runSuitesLocally(TestNG.java:1102)
at org.testng.TestNG.runSuites(TestNG.java:1032)
at org.testng.TestNG.run(TestNG.java:1000)
at org.testng.remote.AbstractRemoteTestNG.run(AbstractRemoteTestNG.java:115)
at org.testng.remote.RemoteTestNG.initAndRun(RemoteTestNG.java:251)
at org.testng.remote.RemoteTestNG.main(RemoteTestNG.java:77)
]]>
    </failure>
  </testcase> <!-- Verify_SummerDresses_filters -->
  <testcase name="checknewsletter" time="5.586" classname="Tests.Tests"/>
</testsuite> <!-- Default test -->
